<?xml version="1.0" encoding="UTF-8"?>
<!-- Generated by org.testng.reporters.JUnitReportReporter -->
<testsuite hostname="DESKTOP-L3RET2G" failures="0" tests="1" name="POM_TestCase.login_testcase" time="24.115" errors="0" timestamp="2021-05-25T11:45:37 IST" skipped="0">
  <testcase classname="POM_TestCase.login_testcase" name="login" time="24.115"/>
  <system-out/>
</testsuite> <!-- POM_TestCase.login_testcase -->
