<?xml version="1.0" encoding="UTF-8"?>
<!-- Generated by org.testng.reporters.JUnitReportReporter -->
<testsuite hostname="DESKTOP-L3RET2G" failures="0" tests="4" name="TestNG_DataDriven_One.Login_DataProvider" time="29.814" errors="0" timestamp="2021-05-22T16:54:43 IST" skipped="0">
  <testcase classname="TestNG_DataDriven_One.Login_DataProvider" name="f" time="7.456"/>
  <system-out/>
  <testcase classname="TestNG_DataDriven_One.Login_DataProvider" name="f" time="6.816"/>
  <system-out/>
  <testcase classname="TestNG_DataDriven_One.Login_DataProvider" name="f" time="7.679"/>
  <system-out/>
  <testcase classname="TestNG_DataDriven_One.Login_DataProvider" name="f" time="7.863"/>
  <system-out/>
</testsuite> <!-- TestNG_DataDriven_One.Login_DataProvider -->
