<?xml version="1.0" encoding="UTF-8"?>
<!-- Generated by org.testng.reporters.JUnitReportReporter -->
<testsuite hostname="DESKTOP-L3RET2G" failures="0" tests="1" name="TestNG.AnnotationHierarchy" time="0.011" errors="0" timestamp="2021-05-21T11:39:00 IST" skipped="0">
  <testcase classname="TestNG.AnnotationHierarchy" name="test" time="0.011"/>
  <system-out/>
</testsuite> <!-- TestNG.AnnotationHierarchy -->
