<?xml version="1.0" encoding="UTF-8"?>
<!-- Generated by org.testng.reporters.JUnitReportReporter -->
<testsuite hostname="DESKTOP-L3RET2G" failures="0" tests="2" name="TestNG.BeforeAfterSuiteAnnotation" time="3.150" errors="0" timestamp="2021-05-20T13:52:50 IST" skipped="0">
  <testcase classname="TestNG.BeforeAfterSuiteAnnotation" name="bing" time="1.099"/>
  <system-out/>
  <testcase classname="TestNG.BeforeAfterSuiteAnnotation" name="google" time="2.051"/>
  <system-out/>
</testsuite> <!-- TestNG.BeforeAfterSuiteAnnotation -->
