<?xml version="1.0" encoding="UTF-8"?>
<!-- Generated by org.testng.reporters.JUnitReportReporter -->
<testsuite hostname="DESKTOP-L3RET2G" failures="0" tests="1" name="POM_TestCase.Login_WO_findElements_findByAnnotation" time="38.769" errors="0" timestamp="2021-05-25T20:06:33 IST" skipped="0">
  <testcase classname="POM_TestCase.Login_WO_findElements_findByAnnotation" name="login" time="38.769"/>
  <system-out/>
</testsuite> <!-- POM_TestCase.Login_WO_findElements_findByAnnotation -->
