<?xml version="1.0" encoding="UTF-8"?>
<!-- Generated by org.testng.reporters.JUnitReportReporter -->
<testsuite hostname="DESKTOP-L3RET2G" failures="0" tests="1" name="TestNG_DataDriven_One.BothInvalid" time="24.706" errors="0" timestamp="2021-05-21T19:09:23 IST" skipped="0">
  <testcase classname="TestNG_DataDriven_One.BothInvalid" name="test4" time="24.706"/>
  <system-out/>
</testsuite> <!-- TestNG_DataDriven_One.BothInvalid -->
