<?xml version="1.0" encoding="UTF-8"?>
<!-- Generated by org.testng.reporters.JUnitReportReporter -->
<testsuite hostname="DESKTOP-L3RET2G" failures="0" tests="3" name="TestNG.UsingGroups" time="0.041" errors="0" timestamp="2021-05-21T06:35:02 IST" skipped="0">
  <testcase classname="TestNG.UsingGroups" name="moto2" time="0.029"/>
  <system-out/>
  <testcase classname="TestNG.UsingGroups" name="vivo" time="0.007"/>
  <system-out/>
  <testcase classname="TestNG.UsingGroups" name="samsung" time="0.005"/>
  <system-out/>
</testsuite> <!-- TestNG.UsingGroups -->
