<?xml version="1.0" encoding="UTF-8"?>
<!-- Generated by org.testng.reporters.JUnitReportReporter -->
<testsuite hostname="DESKTOP-L3RET2G" failures="0" tests="1" name="POM_TestCase.login_testCase_pagefactory" time="21.494" errors="0" timestamp="2021-05-25T10:11:44 IST" skipped="0">
  <testcase classname="POM_TestCase.login_testCase_pagefactory" name="login" time="21.494"/>
  <system-out/>
</testsuite> <!-- POM_TestCase.login_testCase_pagefactory -->
