<?xml version="1.0" encoding="UTF-8"?>
<!-- Generated by org.testng.reporters.JUnitReportReporter -->
<testsuite hostname="DESKTOP-L3RET2G" failures="0" tests="2" name="TestNG.ParallelExecution" time="57.098" errors="0" timestamp="2021-05-21T07:07:00 IST" skipped="0">
  <testcase classname="TestNG.ParallelExecution" name="google" time="31.478"/>
  <system-out/>
  <testcase classname="TestNG.ParallelExecution" name="bing" time="25.620"/>
  <system-out/>
</testsuite> <!-- TestNG.ParallelExecution -->
