<?xml version="1.0" encoding="UTF-8"?>
<!-- Generated by org.testng.reporters.JUnitReportReporter -->
<testsuite hostname="DESKTOP-L3RET2G" failures="0" tests="1" name="TestNG.parameterization" time="0.042" errors="0" timestamp="2021-05-21T06:47:42 IST" skipped="0">
  <testcase classname="TestNG.parameterization" name="f" time="0.042"/>
  <system-out/>
</testsuite> <!-- TestNG.parameterization -->
