<?xml version="1.0" encoding="UTF-8"?>
<!-- Generated by org.testng.reporters.JUnitReportReporter -->
<testsuite hostname="DESKTOP-L3RET2G" failures="0" tests="4" name="TestNG.Assertation_checkEquals" time="0.049" errors="0" timestamp="2021-05-21T11:57:54 IST" skipped="0">
  <testcase classname="TestNG.Assertation_checkEquals" name="checkfalse" time="0.004"/>
  <system-out/>
  <testcase classname="TestNG.Assertation_checkEquals" name="checkUnEquals" time="0.005"/>
  <system-out/>
  <testcase classname="TestNG.Assertation_checkEquals" name="checkTrue" time="0.004"/>
  <system-out/>
  <testcase classname="TestNG.Assertation_checkEquals" name="checkEquals" time="0.036"/>
  <system-out/>
</testsuite> <!-- TestNG.Assertation_checkEquals -->
