<?xml version="1.0" encoding="UTF-8"?>
<!-- Generated by org.testng.reporters.JUnitReportReporter -->
<testsuite hostname="DESKTOP-L3RET2G" failures="0" tests="5" name="TestNG.TestUsingPriority" time="0.047" errors="0" timestamp="2021-05-20T13:52:50 IST" skipped="0">
  <testcase classname="TestNG.TestUsingPriority" name="startTheCar" time="0.025"/>
  <system-out/>
  <testcase classname="TestNG.TestUsingPriority" name="firstGear" time="0.006"/>
  <system-out/>
  <testcase classname="TestNG.TestUsingPriority" name="SecondGear" time="0.006"/>
  <system-out/>
  <testcase classname="TestNG.TestUsingPriority" name="thirdGear" time="0.003"/>
  <system-out/>
  <testcase classname="TestNG.TestUsingPriority" name="stopCar" time="0.007"/>
  <system-out/>
</testsuite> <!-- TestNG.TestUsingPriority -->
